<?xml version="1.0" encoding="UTF-8"?>
<testsuite xmlns:xsi="http://www.w3.org/2001/XMLSchema-instance" xsi:noNamespaceSchemaLocation="https://maven.apache.org/surefire/maven-surefire-plugin/xsd/surefire-test-report-3.0.xsd" version="3.0" name="ua.kpi.comsys.test2.implementation.StringListTest" time="0.001" tests="3" errors="0" skipped="0" failures="0">
  <properties>
[...]
</properties>
  <testcase name="testToString" classname="ua.kpi.comsys.test2.implementation.StringListTest" time="0.0"/>
  <testcase name="testInvalidStringInput" classname="ua.kpi.comsys.test2.implementation.StringListTest" time="0.0"/>
  <testcase name="testSingleDigit" classname="ua.kpi.comsys.test2.implementation.StringListTest" time="0.0"/>
</testsuite>